<?xml version="1.0" encoding="UTF-8"?>
<!-- Generated by org.testng.reporters.JUnitReportReporter -->
<testsuite ignored="0" hostname="DEV" failures="0" tests="1" name="com.selenium.practisetest.HomePage" time="0.000" errors="0" timestamp="30 Aug 2021 06:36:51 GMT" skipped="1">
  <testcase classname="com.selenium.practisetest.HomePage" name="basePageNavigation" time="0.000">
    <skipped/>
  </testcase> <!-- basePageNavigation -->
</testsuite> <!-- com.selenium.practisetest.HomePage -->
