<?xml version="1.0" encoding="UTF-8"?>
<!-- Generated by org.testng.reporters.JUnitReportReporter -->
<testsuite ignored="0" hostname="DEV" failures="0" tests="1" name="com.selenium.practisetest.ValidateTitle" time="8.240" errors="0" timestamp="08 Sep 2021 06:47:11 GMT" skipped="0">
  <testcase classname="com.selenium.practisetest.ValidateTitle" name="basePageNavigation" time="8.240"/>
</testsuite> <!-- com.selenium.practisetest.ValidateTitle -->
